Removed Pin From Net: NetName=NetL1_3 Pin=U1-2
Added Component: Designator=SW?(4301x60437x6)
Add component (AddParameter): Name = "Category"; Value = "Tact Switches"; VariantName = "[No Variations]"
Add component (AddParameter): Name = "Circuit"; Value = "SPST-NO"; VariantName = "[No Variations]"
Add component (AddParameter): Name = "ComponentLink1Description"; Value = "Website Link"; VariantName = "[No Variations]"
Add component (AddParameter): Name = "ComponentLink1URL"; Value = "https://www.we-online.com/redexpert/article/430186043716?ad"; VariantName = "[No Variations]"
Add component (AddParameter): Name = "ComponentLink2Description"; Value = "Datasheet Link"; VariantName = "[No Variations]"
Add component (AddParameter): Name = "ComponentLink2URL"; Value = "https://www.we-online.com/redexpert/spec/430186043716?ad"; VariantName = "[No Variations]"
Add component (AddParameter): Name = "Contact Material"; Value = "Stainless Steel"; VariantName = "[No Variations]"
Add component (AddParameter): Name = "Contact Plating"; Value = "Silver"; VariantName = "[No Variations]"
Add component (AddParameter): Name = "Height"; Value = "4.3mm"; VariantName = "[No Variations]"
Add component (AddParameter): Name = "Length"; Value = "6mm"; VariantName = "[No Variations]"
Add component (AddParameter): Name = "Manufacturer"; Value = "Wurth Elektronik"; VariantName = "[No Variations]"
Add component (AddParameter): Name = "Manufacturer Part Number"; Value = "430186043716"; VariantName = "[No Variations]"
Add component (AddParameter): Name = "Match Code"; Value = "WS-TATV"; VariantName = "[No Variations]"
Add component (AddParameter): Name = "Mount"; Value = "Through Hole"; VariantName = "[No Variations]"
Add component (AddParameter): Name = "Operating Temperature Max"; Value = "85°C"; VariantName = "[No Variations]"
Add component (AddParameter): Name = "Operating Temperature Min"; Value = "-40°C"; VariantName = "[No Variations]"
Add component (AddParameter): Name = "Operation Force"; Value = "160g"; VariantName = "[No Variations]"
Add component (AddParameter): Name = "Packaging"; Value = "Bulk"; VariantName = "[No Variations]"
Add component (AddParameter): Name = "Rated Current"; Value = "50mA"; VariantName = "[No Variations]"
Add component (AddParameter): Name = "Rated Voltage (DC)"; Value = "12VDC"; VariantName = "[No Variations]"
Add component (AddParameter): Name = "Terminal Material"; Value = "Copper Alloy"; VariantName = "[No Variations]"
Add component (AddParameter): Name = "Terminal Plating"; Value = "Silver"; VariantName = "[No Variations]"
Add component (AddParameter): Name = "Washable"; Value = "No"; VariantName = "[No Variations]"
Add component (AddParameter): Name = "Width"; Value = "6mm"; VariantName = "[No Variations]"
Added Component: Designator=U?(BATHLD012THMTR)
Add component (AddParameter): Name = "Arrow Part Number"; Value = ""; VariantName = "[No Variations]"
Add component (AddParameter): Name = "Arrow Price/Stock"; Value = ""; VariantName = "[No Variations]"
Add component (AddParameter): Name = "Datasheet Link"; Value = ""; VariantName = "[No Variations]"
Add component (AddParameter): Name = "Height"; Value = "3.6mm"; VariantName = "[No Variations]"
Add component (AddParameter): Name = "Manufacturer_Name"; Value = "Linx Technologies"; VariantName = "[No Variations]"
Add component (AddParameter): Name = "Manufacturer_Part_Number"; Value = "BAT-HLD-012-THM-TR"; VariantName = "[No Variations]"
Add component (AddParameter): Name = "Mouser Part Number"; Value = "712-BAT-HLD012THM-TR"; VariantName = "[No Variations]"
Add component (AddParameter): Name = "Mouser Price/Stock"; Value = "https://www.mouser.co.uk/ProductDetail/Linx-Technologies/BAT-HLD-012-THM-TR?qs=1sbE9T7hb3YoJLqsWkFtQA%3D%3D"; VariantName = "[No Variations]"
Added Pin To Net: NetName=NetL1_3 Pin=U1-3
Added Member To Class: ClassName=Watch Member=Component SW? 431256083716
Added Member To Class: ClassName=Watch Member=Component SW? 431256083716
Added Member To Class: ClassName=Watch Member=Component SW? 431256083716
Added Member To Class: ClassName=Watch Member=Component SW? 430186043716
Added Member To Class: ClassName=Watch Member=Component SW? 431256083716
Added Member To Class: ClassName=Watch Member=Component U? BAT-HLD-012-THM-TR
