Added Component: Designator=L?(WS2812B-2020)
Add component (AddParameter): Name = "Check_prices"; Value = "https://www.snapeda.com/parts/WS2812B-2020/Worldsemi/view-part/?ref=eda"; VariantName = "[No Variations]"
Add component (AddParameter): Name = "MF"; Value = "WorldSemi"; VariantName = "[No Variations]"
Add component (AddParameter): Name = "MP"; Value = "WS2812B-2020"; VariantName = "[No Variations]"
Add component (AddParameter): Name = "Package"; Value = "None"; VariantName = "[No Variations]"
Add component (AddParameter): Name = "SnapEDA_Link"; Value = "https://www.snapeda.com/parts/WS2812B-2020/Worldsemi/view-part/?ref=snap"; VariantName = "[No Variations]"
Add component (AddParameter): Name = "Value"; Value = ""; VariantName = "[No Variations]"
Added Component: Designator=L?(WS2812B-2020)
Add component (AddParameter): Name = "Check_prices"; Value = "https://www.snapeda.com/parts/WS2812B-2020/Worldsemi/view-part/?ref=eda"; VariantName = "[No Variations]"
Add component (AddParameter): Name = "MF"; Value = "WorldSemi"; VariantName = "[No Variations]"
Add component (AddParameter): Name = "MP"; Value = "WS2812B-2020"; VariantName = "[No Variations]"
Add component (AddParameter): Name = "Package"; Value = "None"; VariantName = "[No Variations]"
Add component (AddParameter): Name = "SnapEDA_Link"; Value = "https://www.snapeda.com/parts/WS2812B-2020/Worldsemi/view-part/?ref=snap"; VariantName = "[No Variations]"
Add component (AddParameter): Name = "Value"; Value = ""; VariantName = "[No Variations]"
Added Component: Designator=L?(WS2812B-2020)
Add component (AddParameter): Name = "Check_prices"; Value = "https://www.snapeda.com/parts/WS2812B-2020/Worldsemi/view-part/?ref=eda"; VariantName = "[No Variations]"
Add component (AddParameter): Name = "MF"; Value = "WorldSemi"; VariantName = "[No Variations]"
Add component (AddParameter): Name = "MP"; Value = "WS2812B-2020"; VariantName = "[No Variations]"
Add component (AddParameter): Name = "Package"; Value = "None"; VariantName = "[No Variations]"
Add component (AddParameter): Name = "SnapEDA_Link"; Value = "https://www.snapeda.com/parts/WS2812B-2020/Worldsemi/view-part/?ref=snap"; VariantName = "[No Variations]"
Add component (AddParameter): Name = "Value"; Value = ""; VariantName = "[No Variations]"
Added Component: Designator=L?(WS2812B-2020)
Add component (AddParameter): Name = "Check_prices"; Value = "https://www.snapeda.com/parts/WS2812B-2020/Worldsemi/view-part/?ref=eda"; VariantName = "[No Variations]"
Add component (AddParameter): Name = "MF"; Value = "WorldSemi"; VariantName = "[No Variations]"
Add component (AddParameter): Name = "MP"; Value = "WS2812B-2020"; VariantName = "[No Variations]"
Add component (AddParameter): Name = "Package"; Value = "None"; VariantName = "[No Variations]"
Add component (AddParameter): Name = "SnapEDA_Link"; Value = "https://www.snapeda.com/parts/WS2812B-2020/Worldsemi/view-part/?ref=snap"; VariantName = "[No Variations]"
Add component (AddParameter): Name = "Value"; Value = ""; VariantName = "[No Variations]"
Added Component: Designator=L?(WS2812B-2020)
Add component (AddParameter): Name = "Check_prices"; Value = "https://www.snapeda.com/parts/WS2812B-2020/Worldsemi/view-part/?ref=eda"; VariantName = "[No Variations]"
Add component (AddParameter): Name = "MF"; Value = "WorldSemi"; VariantName = "[No Variations]"
Add component (AddParameter): Name = "MP"; Value = "WS2812B-2020"; VariantName = "[No Variations]"
Add component (AddParameter): Name = "Package"; Value = "None"; VariantName = "[No Variations]"
Add component (AddParameter): Name = "SnapEDA_Link"; Value = "https://www.snapeda.com/parts/WS2812B-2020/Worldsemi/view-part/?ref=snap"; VariantName = "[No Variations]"
Add component (AddParameter): Name = "Value"; Value = ""; VariantName = "[No Variations]"
Added Component: Designator=L?(WS2812B-2020)
Add component (AddParameter): Name = "Check_prices"; Value = "https://www.snapeda.com/parts/WS2812B-2020/Worldsemi/view-part/?ref=eda"; VariantName = "[No Variations]"
Add component (AddParameter): Name = "MF"; Value = "WorldSemi"; VariantName = "[No Variations]"
Add component (AddParameter): Name = "MP"; Value = "WS2812B-2020"; VariantName = "[No Variations]"
Add component (AddParameter): Name = "Package"; Value = "None"; VariantName = "[No Variations]"
Add component (AddParameter): Name = "SnapEDA_Link"; Value = "https://www.snapeda.com/parts/WS2812B-2020/Worldsemi/view-part/?ref=snap"; VariantName = "[No Variations]"
Add component (AddParameter): Name = "Value"; Value = ""; VariantName = "[No Variations]"
Added Component: Designator=L?(WS2812B-2020)
Add component (AddParameter): Name = "Check_prices"; Value = "https://www.snapeda.com/parts/WS2812B-2020/Worldsemi/view-part/?ref=eda"; VariantName = "[No Variations]"
Add component (AddParameter): Name = "MF"; Value = "WorldSemi"; VariantName = "[No Variations]"
Add component (AddParameter): Name = "MP"; Value = "WS2812B-2020"; VariantName = "[No Variations]"
Add component (AddParameter): Name = "Package"; Value = "None"; VariantName = "[No Variations]"
Add component (AddParameter): Name = "SnapEDA_Link"; Value = "https://www.snapeda.com/parts/WS2812B-2020/Worldsemi/view-part/?ref=snap"; VariantName = "[No Variations]"
Add component (AddParameter): Name = "Value"; Value = ""; VariantName = "[No Variations]"
Added Component: Designator=L?(WS2812B-2020)
Add component (AddParameter): Name = "Check_prices"; Value = "https://www.snapeda.com/parts/WS2812B-2020/Worldsemi/view-part/?ref=eda"; VariantName = "[No Variations]"
Add component (AddParameter): Name = "MF"; Value = "WorldSemi"; VariantName = "[No Variations]"
Add component (AddParameter): Name = "MP"; Value = "WS2812B-2020"; VariantName = "[No Variations]"
Add component (AddParameter): Name = "Package"; Value = "None"; VariantName = "[No Variations]"
Add component (AddParameter): Name = "SnapEDA_Link"; Value = "https://www.snapeda.com/parts/WS2812B-2020/Worldsemi/view-part/?ref=snap"; VariantName = "[No Variations]"
Add component (AddParameter): Name = "Value"; Value = ""; VariantName = "[No Variations]"
Added Component: Designator=L?(WS2812B-2020)
Add component (AddParameter): Name = "Check_prices"; Value = "https://www.snapeda.com/parts/WS2812B-2020/Worldsemi/view-part/?ref=eda"; VariantName = "[No Variations]"
Add component (AddParameter): Name = "MF"; Value = "WorldSemi"; VariantName = "[No Variations]"
Add component (AddParameter): Name = "MP"; Value = "WS2812B-2020"; VariantName = "[No Variations]"
Add component (AddParameter): Name = "Package"; Value = "None"; VariantName = "[No Variations]"
Add component (AddParameter): Name = "SnapEDA_Link"; Value = "https://www.snapeda.com/parts/WS2812B-2020/Worldsemi/view-part/?ref=snap"; VariantName = "[No Variations]"
Add component (AddParameter): Name = "Value"; Value = ""; VariantName = "[No Variations]"
Added Component: Designator=L?(WS2812B-2020)
Add component (AddParameter): Name = "Check_prices"; Value = "https://www.snapeda.com/parts/WS2812B-2020/Worldsemi/view-part/?ref=eda"; VariantName = "[No Variations]"
Add component (AddParameter): Name = "MF"; Value = "WorldSemi"; VariantName = "[No Variations]"
Add component (AddParameter): Name = "MP"; Value = "WS2812B-2020"; VariantName = "[No Variations]"
Add component (AddParameter): Name = "Package"; Value = "None"; VariantName = "[No Variations]"
Add component (AddParameter): Name = "SnapEDA_Link"; Value = "https://www.snapeda.com/parts/WS2812B-2020/Worldsemi/view-part/?ref=snap"; VariantName = "[No Variations]"
Add component (AddParameter): Name = "Value"; Value = ""; VariantName = "[No Variations]"
Added Component: Designator=L?(WS2812B-2020)
Add component (AddParameter): Name = "Check_prices"; Value = "https://www.snapeda.com/parts/WS2812B-2020/Worldsemi/view-part/?ref=eda"; VariantName = "[No Variations]"
Add component (AddParameter): Name = "MF"; Value = "WorldSemi"; VariantName = "[No Variations]"
Add component (AddParameter): Name = "MP"; Value = "WS2812B-2020"; VariantName = "[No Variations]"
Add component (AddParameter): Name = "Package"; Value = "None"; VariantName = "[No Variations]"
Add component (AddParameter): Name = "SnapEDA_Link"; Value = "https://www.snapeda.com/parts/WS2812B-2020/Worldsemi/view-part/?ref=snap"; VariantName = "[No Variations]"
Add component (AddParameter): Name = "Value"; Value = ""; VariantName = "[No Variations]"
Added Component: Designator=L?(WS2812B-2020)
Add component (AddParameter): Name = "Check_prices"; Value = "https://www.snapeda.com/parts/WS2812B-2020/Worldsemi/view-part/?ref=eda"; VariantName = "[No Variations]"
Add component (AddParameter): Name = "MF"; Value = "WorldSemi"; VariantName = "[No Variations]"
Add component (AddParameter): Name = "MP"; Value = "WS2812B-2020"; VariantName = "[No Variations]"
Add component (AddParameter): Name = "Package"; Value = "None"; VariantName = "[No Variations]"
Add component (AddParameter): Name = "SnapEDA_Link"; Value = "https://www.snapeda.com/parts/WS2812B-2020/Worldsemi/view-part/?ref=snap"; VariantName = "[No Variations]"
Add component (AddParameter): Name = "Value"; Value = ""; VariantName = "[No Variations]"
Added Component: Designator=U?(MODULE_102010388)
Add component (AddParameter): Name = "Availability"; Value = "In Stock"; VariantName = "[No Variations]"
Add component (AddParameter): Name = "Check_prices"; Value = "https://www.snapeda.com/parts/102010388/Seeed+Technology+Co.%252C+Ltd/view-part/?ref=eda"; VariantName = "[No Variations]"
Add component (AddParameter): Name = "MF"; Value = "Seeed Technology Co., Ltd"; VariantName = "[No Variations]"
Add component (AddParameter): Name = "MP"; Value = "102010388"; VariantName = "[No Variations]"
Add component (AddParameter): Name = "Package"; Value = "None"; VariantName = "[No Variations]"
Add component (AddParameter): Name = "Price"; Value = "None"; VariantName = "[No Variations]"
Add component (AddParameter): Name = "Purchase-URL"; Value = "https://pricing.snapeda.com/search/part/102010388/?ref=eda"; VariantName = "[No Variations]"
Add component (AddParameter): Name = "SnapEDA_Link"; Value = "https://www.snapeda.com/parts/102010388/Seeed+Technology+Co.%252C+Ltd/view-part/?ref=snap"; VariantName = "[No Variations]"
Add component (AddParameter): Name = "Value"; Value = ""; VariantName = "[No Variations]"
Added Member To Class: ClassName=Watch Member=Component L? WS2812B-2020
Added Member To Class: ClassName=Watch Member=Component L? WS2812B-2020
Added Member To Class: ClassName=Watch Member=Component L? WS2812B-2020
Added Member To Class: ClassName=Watch Member=Component L? WS2812B-2020
Added Member To Class: ClassName=Watch Member=Component L? WS2812B-2020
Added Member To Class: ClassName=Watch Member=Component L? WS2812B-2020
Added Member To Class: ClassName=Watch Member=Component L? WS2812B-2020
Added Member To Class: ClassName=Watch Member=Component L? WS2812B-2020
Added Member To Class: ClassName=Watch Member=Component L? WS2812B-2020
Added Member To Class: ClassName=Watch Member=Component L? WS2812B-2020
Added Member To Class: ClassName=Watch Member=Component L? WS2812B-2020
Added Member To Class: ClassName=Watch Member=Component L? WS2812B-2020
Added Member To Class: ClassName=Watch Member=Component U? 102010388
